
Running caspo learn...
Number of hyperedges (possible logical mappings) derived from the compressed PKN: 844
Optimum logical network learned in 9119.1889s
Optimum logical networks has MSE 0.1091 and size 28
13 (nearly) optimal logical networks learned in 10077.5682s
Weighted MSE: 0.1091

Running caspo classify...
Classifying 13 logical networks...
6 input-output logical behaviors found in 114.0112s

Running caspo visualize...
A critical error has occurred. Please file an issue at http://github.com/bioasp/caspo/issues.

Running caspo visualize...
A critical error has occurred. Please file an issue at http://github.com/bioasp/caspo/issues.
usage: caspo [-h] [--quiet] [--out O] [--version]
             {learn,classify,predict,design,control,visualize,test} ...
caspo: error: unrecognized arguments: kegg.sif setup.json out/networks.csv data_MIDAS_CR.csv 10 out/stats-networks.csv

Running caspo visualize...

Running caspo learn...
Number of hyperedges (possible logical mappings) derived from the compressed PKN: 844
Optimum logical network learned in 24454.6464s
Optimum logical networks has MSE 0.1091 and size 28
1 (nearly) optimal logical networks learned in 5332.3214s
Weighted MSE: 0.1091
/home/chebouba/.conda/envs/caspo-env/lib/python2.7/site-packages/seaborn/categorical.py:3666: UserWarning: The `factorplot` function has been renamed to `catplot`. The original name will be removed in a future release. Please update your code. Note that the default `kind` in `factorplot` (`'point'`) has changed `'strip'` in `catplot`.
  warnings.warn(msg)
